[0.438s] DEBUG:colcon:Command line arguments: ['/usr/bin/colcon', 'build', '--symlink-install']
[0.438s] DEBUG:colcon:Parsed command line arguments: Namespace(log_base=None, log_level=None, verb_name='build', build_base='build', install_base='install', merge_install=False, symlink_install=True, test_result_base=None, continue_on_error=False, executor='parallel', parallel_workers=16, event_handlers=None, ignore_user_meta=False, metas=['./colcon.meta'], base_paths=['.'], packages_ignore=None, packages_ignore_regex=None, paths=None, packages_up_to=None, packages_up_to_regex=None, packages_above=None, packages_above_and_dependencies=None, packages_above_depth=None, packages_select_by_dep=None, packages_skip_by_dep=None, packages_skip_up_to=None, packages_select_build_failed=False, packages_skip_build_finished=False, packages_select_test_failures=False, packages_skip_test_passed=False, packages_select=None, packages_skip=None, packages_select_regex=None, packages_skip_regex=None, packages_start=None, packages_end=None, cmake_args=None, cmake_target=None, cmake_target_skip_unavailable=False, cmake_clean_cache=False, cmake_clean_first=False, cmake_force_configure=False, ament_cmake_args=None, catkin_cmake_args=None, catkin_skip_building_tests=False, mixin_files=None, mixin=None, verb_parser=<colcon_mixin.mixin.mixin_argument.MixinArgumentDecorator object at 0x7fae97f597b0>, verb_extension=<colcon_core.verb.build.BuildVerb object at 0x7fae98736b30>, main=<bound method BuildVerb.main of <colcon_core.verb.build.BuildVerb object at 0x7fae98736b30>>, mixin_verb=('build',))
[0.482s] Level 1:colcon.colcon_core.package_discovery:discover_packages(colcon_meta) check parameters
[0.484s] INFO:colcon.colcon_metadata.package_discovery.colcon_meta:Using configuration from '/root/.colcon/metadata/default/Gazebo.meta'
[0.484s] INFO:colcon.colcon_metadata.package_discovery.colcon_meta:Using configuration from '/root/.colcon/metadata/default/fastrtps.meta'
[0.484s] Level 1:colcon.colcon_core.package_discovery:discover_packages(recursive) check parameters
[0.484s] Level 1:colcon.colcon_core.package_discovery:discover_packages(ignore) check parameters
[0.484s] Level 1:colcon.colcon_core.package_discovery:discover_packages(path) check parameters
[0.484s] Level 1:colcon.colcon_core.package_discovery:discover_packages(colcon_meta) discover
[0.485s] Level 1:colcon.colcon_core.package_discovery:discover_packages(recursive) discover
[0.485s] INFO:colcon.colcon_core.package_discovery:Crawling recursively for packages in '/root/catkin_ws/harpia_proj_final'
[0.485s] Level 1:colcon.colcon_core.package_identification:_identify(.) by extensions ['ignore', 'ignore_ament_install']
[0.485s] Level 1:colcon.colcon_core.package_identification:_identify(.) by extension 'ignore'
[0.485s] Level 1:colcon.colcon_core.package_identification:_identify(.) by extension 'ignore_ament_install'
[0.485s] Level 1:colcon.colcon_core.package_identification:_identify(.) by extensions ['colcon_pkg']
[0.485s] Level 1:colcon.colcon_core.package_identification:_identify(.) by extension 'colcon_pkg'
[0.485s] Level 1:colcon.colcon_core.package_identification:_identify(.) by extensions ['colcon_meta']
[0.485s] Level 1:colcon.colcon_core.package_identification:_identify(.) by extension 'colcon_meta'
[0.485s] Level 1:colcon.colcon_core.package_identification:_identify(.) by extensions ['ros']
[0.485s] Level 1:colcon.colcon_core.package_identification:_identify(.) by extension 'ros'
[0.503s] DEBUG:colcon.colcon_core.package_identification:Package '.' with type 'ros.ament_python' and name 'harpia_proj_final'
[0.503s] Level 1:colcon.colcon_core.package_discovery:discover_packages(recursive) using defaults
[0.503s] Level 1:colcon.colcon_core.package_discovery:discover_packages(ignore) discover
[0.503s] Level 1:colcon.colcon_core.package_discovery:discover_packages(ignore) using defaults
[0.503s] Level 1:colcon.colcon_core.package_discovery:discover_packages(path) discover
[0.503s] Level 1:colcon.colcon_core.package_discovery:discover_packages(path) using defaults
[0.535s] Level 5:colcon.colcon_core.verb:set package 'harpia_proj_final' build argument 'cmake_args' from command line to 'None'
[0.535s] Level 5:colcon.colcon_core.verb:set package 'harpia_proj_final' build argument 'cmake_target' from command line to 'None'
[0.535s] Level 5:colcon.colcon_core.verb:set package 'harpia_proj_final' build argument 'cmake_target_skip_unavailable' from command line to 'False'
[0.535s] Level 5:colcon.colcon_core.verb:set package 'harpia_proj_final' build argument 'cmake_clean_cache' from command line to 'False'
[0.536s] Level 5:colcon.colcon_core.verb:set package 'harpia_proj_final' build argument 'cmake_clean_first' from command line to 'False'
[0.536s] Level 5:colcon.colcon_core.verb:set package 'harpia_proj_final' build argument 'cmake_force_configure' from command line to 'False'
[0.536s] Level 5:colcon.colcon_core.verb:set package 'harpia_proj_final' build argument 'ament_cmake_args' from command line to 'None'
[0.536s] Level 5:colcon.colcon_core.verb:set package 'harpia_proj_final' build argument 'catkin_cmake_args' from command line to 'None'
[0.536s] Level 5:colcon.colcon_core.verb:set package 'harpia_proj_final' build argument 'catkin_skip_building_tests' from command line to 'False'
[0.536s] DEBUG:colcon.colcon_core.verb:Building package 'harpia_proj_final' with the following arguments: {'ament_cmake_args': None, 'build_base': '/root/catkin_ws/harpia_proj_final/build/harpia_proj_final', 'catkin_cmake_args': None, 'catkin_skip_building_tests': False, 'cmake_args': None, 'cmake_clean_cache': False, 'cmake_clean_first': False, 'cmake_force_configure': False, 'cmake_target': None, 'cmake_target_skip_unavailable': False, 'install_base': '/root/catkin_ws/harpia_proj_final/install/harpia_proj_final', 'merge_install': False, 'path': '/root/catkin_ws/harpia_proj_final', 'symlink_install': True, 'test_result_base': None}
[0.536s] INFO:colcon.colcon_core.executor:Executing jobs using 'parallel' executor
[0.541s] DEBUG:colcon.colcon_parallel_executor.executor.parallel:run_until_complete
[0.541s] INFO:colcon.colcon_ros.task.ament_python.build:Building ROS package in '/root/catkin_ws/harpia_proj_final' with build type 'ament_python'
[0.542s] Level 1:colcon.colcon_core.shell:create_environment_hook('harpia_proj_final', 'ament_prefix_path')
[0.547s] INFO:colcon.colcon_core.plugin_system:Skipping extension 'colcon_core.shell.bat': Not used on non-Windows systems
[0.548s] INFO:colcon.colcon_core.shell:Creating environment hook '/root/catkin_ws/harpia_proj_final/install/harpia_proj_final/share/harpia_proj_final/hook/ament_prefix_path.ps1'
[0.549s] INFO:colcon.colcon_core.shell:Creating environment descriptor '/root/catkin_ws/harpia_proj_final/install/harpia_proj_final/share/harpia_proj_final/hook/ament_prefix_path.dsv'
[0.549s] INFO:colcon.colcon_core.shell:Creating environment hook '/root/catkin_ws/harpia_proj_final/install/harpia_proj_final/share/harpia_proj_final/hook/ament_prefix_path.sh'
[0.552s] INFO:colcon.colcon_core.shell:Skip shell extension 'powershell' for command environment: Not usable outside of PowerShell
[0.552s] DEBUG:colcon.colcon_core.shell:Skip shell extension 'dsv' for command environment
[0.882s] INFO:colcon.colcon_core.task.python.build:Building Python package in '/root/catkin_ws/harpia_proj_final'
[0.884s] INFO:colcon.colcon_core.shell:Skip shell extension 'powershell' for command environment: Not usable outside of PowerShell
[0.885s] DEBUG:colcon.colcon_core.shell:Skip shell extension 'dsv' for command environment
[1.323s] DEBUG:colcon.colcon_core.event_handler.log_command:Invoking command in '/root/catkin_ws/harpia_proj_final/build/harpia_proj_final': PYTHONPATH=/root/catkin_ws/harpia_proj_final/build/harpia_proj_final/prefix_override:/root/catkin_ws/harpia_proj_final/install/harpia_proj_final/lib/python3.10/site-packages:${PYTHONPATH} /usr/bin/python3 setup.py develop --editable --build-directory /root/catkin_ws/harpia_proj_final/build/harpia_proj_final/build --no-deps install_data
[1.848s] Level 1:colcon.colcon_core.shell:create_environment_hook('harpia_proj_final', 'pythonpath_develop')
[1.850s] INFO:colcon.colcon_core.shell:Creating environment hook '/root/catkin_ws/harpia_proj_final/build/harpia_proj_final/share/harpia_proj_final/hook/pythonpath_develop.ps1'
[1.851s] DEBUG:colcon.colcon_core.event_handler.log_command:Invoked command in '/root/catkin_ws/harpia_proj_final/build/harpia_proj_final' returned '0': PYTHONPATH=/root/catkin_ws/harpia_proj_final/build/harpia_proj_final/prefix_override:/root/catkin_ws/harpia_proj_final/install/harpia_proj_final/lib/python3.10/site-packages:${PYTHONPATH} /usr/bin/python3 setup.py develop --editable --build-directory /root/catkin_ws/harpia_proj_final/build/harpia_proj_final/build --no-deps install_data
[1.852s] INFO:colcon.colcon_core.shell:Creating environment descriptor '/root/catkin_ws/harpia_proj_final/build/harpia_proj_final/share/harpia_proj_final/hook/pythonpath_develop.dsv'
[1.852s] INFO:colcon.colcon_core.shell:Creating environment hook '/root/catkin_ws/harpia_proj_final/build/harpia_proj_final/share/harpia_proj_final/hook/pythonpath_develop.sh'
[1.859s] Level 1:colcon.colcon_core.environment:checking '/root/catkin_ws/harpia_proj_final/install/harpia_proj_final' for CMake module files
[1.860s] Level 1:colcon.colcon_core.environment:checking '/root/catkin_ws/harpia_proj_final/install/harpia_proj_final' for CMake config files
[1.860s] Level 1:colcon.colcon_core.environment:checking '/root/catkin_ws/harpia_proj_final/install/harpia_proj_final/lib'
[1.861s] Level 1:colcon.colcon_core.environment:checking '/root/catkin_ws/harpia_proj_final/install/harpia_proj_final/bin'
[1.861s] Level 1:colcon.colcon_core.environment:checking '/root/catkin_ws/harpia_proj_final/install/harpia_proj_final/lib/pkgconfig/harpia_proj_final.pc'
[1.861s] Level 1:colcon.colcon_core.environment:checking '/root/catkin_ws/harpia_proj_final/install/harpia_proj_final/lib/python3.10/site-packages'
[1.861s] Level 1:colcon.colcon_core.shell:create_environment_hook('harpia_proj_final', 'pythonpath')
[1.863s] INFO:colcon.colcon_core.shell:Creating environment hook '/root/catkin_ws/harpia_proj_final/install/harpia_proj_final/share/harpia_proj_final/hook/pythonpath.ps1'
[1.863s] INFO:colcon.colcon_core.shell:Creating environment descriptor '/root/catkin_ws/harpia_proj_final/install/harpia_proj_final/share/harpia_proj_final/hook/pythonpath.dsv'
[1.864s] INFO:colcon.colcon_core.shell:Creating environment hook '/root/catkin_ws/harpia_proj_final/install/harpia_proj_final/share/harpia_proj_final/hook/pythonpath.sh'
[1.865s] Level 1:colcon.colcon_core.environment:checking '/root/catkin_ws/harpia_proj_final/install/harpia_proj_final/bin'
[1.866s] Level 1:colcon.colcon_core.environment:create_environment_scripts_only(harpia_proj_final)
[1.869s] INFO:colcon.colcon_core.shell:Creating package script '/root/catkin_ws/harpia_proj_final/install/harpia_proj_final/share/harpia_proj_final/package.ps1'
[1.871s] INFO:colcon.colcon_core.shell:Creating package descriptor '/root/catkin_ws/harpia_proj_final/install/harpia_proj_final/share/harpia_proj_final/package.dsv'
[1.872s] INFO:colcon.colcon_core.shell:Creating package script '/root/catkin_ws/harpia_proj_final/install/harpia_proj_final/share/harpia_proj_final/package.sh'
[1.874s] INFO:colcon.colcon_core.shell:Creating package script '/root/catkin_ws/harpia_proj_final/install/harpia_proj_final/share/harpia_proj_final/package.bash'
[1.875s] INFO:colcon.colcon_core.shell:Creating package script '/root/catkin_ws/harpia_proj_final/install/harpia_proj_final/share/harpia_proj_final/package.zsh'
[1.877s] Level 1:colcon.colcon_core.environment:create_file_with_runtime_dependencies(/root/catkin_ws/harpia_proj_final/install/harpia_proj_final/share/colcon-core/packages/harpia_proj_final)
[1.877s] DEBUG:colcon.colcon_parallel_executor.executor.parallel:closing loop
[1.878s] DEBUG:colcon.colcon_parallel_executor.executor.parallel:loop closed
[1.879s] DEBUG:colcon.colcon_parallel_executor.executor.parallel:run_until_complete finished with '0'
[1.879s] DEBUG:colcon.colcon_core.event_reactor:joining thread
[1.889s] INFO:colcon.colcon_core.plugin_system:Skipping extension 'colcon_notification.desktop_notification.notify_send': Could not find 'notify-send'
[1.889s] INFO:colcon.colcon_core.plugin_system:Skipping extension 'colcon_notification.desktop_notification.terminal_notifier': Not used on non-Darwin systems
[1.889s] INFO:colcon.colcon_core.plugin_system:Skipping extension 'colcon_notification.desktop_notification.win32': Not used on non-Windows systems
[1.889s] INFO:colcon.colcon_notification.desktop_notification:Sending desktop notification using 'notify2'
[1.892s] DEBUG:colcon.colcon_notification.desktop_notification.notify2:Failed to initialize notify2: org.freedesktop.DBus.Error.Spawn.ExecFailed: /usr/bin/dbus-launch terminated abnormally without any error message
[1.892s] DEBUG:colcon.colcon_core.event_reactor:joined thread
[1.895s] INFO:colcon.colcon_core.shell:Creating prefix script '/root/catkin_ws/harpia_proj_final/install/local_setup.ps1'
[1.896s] INFO:colcon.colcon_core.shell:Creating prefix util module '/root/catkin_ws/harpia_proj_final/install/_local_setup_util_ps1.py'
[1.898s] INFO:colcon.colcon_core.shell:Creating prefix chain script '/root/catkin_ws/harpia_proj_final/install/setup.ps1'
[1.901s] INFO:colcon.colcon_core.shell:Creating prefix script '/root/catkin_ws/harpia_proj_final/install/local_setup.sh'
[1.902s] INFO:colcon.colcon_core.shell:Creating prefix util module '/root/catkin_ws/harpia_proj_final/install/_local_setup_util_sh.py'
[1.902s] INFO:colcon.colcon_core.shell:Creating prefix chain script '/root/catkin_ws/harpia_proj_final/install/setup.sh'
[1.906s] INFO:colcon.colcon_core.shell:Creating prefix script '/root/catkin_ws/harpia_proj_final/install/local_setup.bash'
[1.907s] INFO:colcon.colcon_core.shell:Creating prefix chain script '/root/catkin_ws/harpia_proj_final/install/setup.bash'
[1.913s] INFO:colcon.colcon_core.shell:Creating prefix script '/root/catkin_ws/harpia_proj_final/install/local_setup.zsh'
[1.914s] INFO:colcon.colcon_core.shell:Creating prefix chain script '/root/catkin_ws/harpia_proj_final/install/setup.zsh'
