running develop
running egg_info
writing harpia_proj_final.egg-info/PKG-INFO
writing dependency_links to harpia_proj_final.egg-info/dependency_links.txt
writing entry points to harpia_proj_final.egg-info/entry_points.txt
writing requirements to harpia_proj_final.egg-info/requires.txt
writing top-level names to harpia_proj_final.egg-info/top_level.txt
reading manifest file 'harpia_proj_final.egg-info/SOURCES.txt'
writing manifest file 'harpia_proj_final.egg-info/SOURCES.txt'
running build_ext
Creating /root/catkin_ws/harpia_proj_final/install/harpia_proj_final/lib/python3.10/site-packages/harpia-proj-final.egg-link (link to .)
Installing obstaculos script to /root/catkin_ws/harpia_proj_final/install/harpia_proj_final/lib/harpia_proj_final
Installing velocidade script to /root/catkin_ws/harpia_proj_final/install/harpia_proj_final/lib/harpia_proj_final

Installed /root/catkin_ws/harpia_proj_final/build/harpia_proj_final
running install_data
creating /root/catkin_ws/harpia_proj_final/install/harpia_proj_final/share/ament_index
creating /root/catkin_ws/harpia_proj_final/install/harpia_proj_final/share/ament_index/resource_index
creating /root/catkin_ws/harpia_proj_final/install/harpia_proj_final/share/ament_index/resource_index/packages
copying resource/harpia_proj_final -> /root/catkin_ws/harpia_proj_final/install/harpia_proj_final/share/ament_index/resource_index/packages
copying package.xml -> /root/catkin_ws/harpia_proj_final/install/harpia_proj_final/share/harpia_proj_final
creating /root/catkin_ws/harpia_proj_final/install/harpia_proj_final/share/harpia_proj_final/launch
copying launch/proj_final.launch.py -> /root/catkin_ws/harpia_proj_final/install/harpia_proj_final/share/harpia_proj_final/launch
creating /root/catkin_ws/harpia_proj_final/install/harpia_proj_final/share/harpia_proj_final/params
copying params/bridges.yaml -> /root/catkin_ws/harpia_proj_final/install/harpia_proj_final/share/harpia_proj_final/params
creating /root/catkin_ws/harpia_proj_final/install/harpia_proj_final/share/harpia_proj_final/worlds
copying worlds/proj_final_world.sdf -> /root/catkin_ws/harpia_proj_final/install/harpia_proj_final/share/harpia_proj_final/worlds
