[0.780s] Invoking command in '/root/catkin_ws/harpia_proj_final/build/harpia_proj_final': PYTHONPATH=/root/catkin_ws/harpia_proj_final/build/harpia_proj_final/prefix_override:/root/catkin_ws/harpia_proj_final/install/harpia_proj_final/lib/python3.10/site-packages:${PYTHONPATH} /usr/bin/python3 setup.py develop --editable --build-directory /root/catkin_ws/harpia_proj_final/build/harpia_proj_final/build --no-deps install_data
[1.087s] running develop
[1.088s] /usr/lib/python3/dist-packages/setuptools/command/easy_install.py:158: EasyInstallDeprecationWarning: easy_install command is deprecated. Use build and pip and other standards-based tools.
[1.088s]   warnings.warn(
[1.089s] /usr/lib/python3/dist-packages/setuptools/command/install.py:34: SetuptoolsDeprecationWarning: setup.py install is deprecated. Use build and pip and other standards-based tools.
[1.090s]   warnings.warn(
[1.264s] running egg_info
[1.265s] writing harpia_proj_final.egg-info/PKG-INFO
[1.265s] writing dependency_links to harpia_proj_final.egg-info/dependency_links.txt
[1.265s] writing entry points to harpia_proj_final.egg-info/entry_points.txt
[1.266s] writing requirements to harpia_proj_final.egg-info/requires.txt
[1.266s] writing top-level names to harpia_proj_final.egg-info/top_level.txt
[1.268s] reading manifest file 'harpia_proj_final.egg-info/SOURCES.txt'
[1.269s] writing manifest file 'harpia_proj_final.egg-info/SOURCES.txt'
[1.270s] running build_ext
[1.271s] Creating /root/catkin_ws/harpia_proj_final/install/harpia_proj_final/lib/python3.10/site-packages/harpia-proj-final.egg-link (link to .)
[1.272s] Installing clock script to /root/catkin_ws/harpia_proj_final/install/harpia_proj_final/lib/harpia_proj_final
[1.272s] Installing obstaculos script to /root/catkin_ws/harpia_proj_final/install/harpia_proj_final/lib/harpia_proj_final
[1.272s] Installing pose script to /root/catkin_ws/harpia_proj_final/install/harpia_proj_final/lib/harpia_proj_final
[1.273s] Installing velocidade script to /root/catkin_ws/harpia_proj_final/install/harpia_proj_final/lib/harpia_proj_final
[1.273s] 
[1.273s] Installed /root/catkin_ws/harpia_proj_final/build/harpia_proj_final
[1.273s] running install_data
[1.273s] copying worlds/proj_final_world.sdf -> /root/catkin_ws/harpia_proj_final/install/harpia_proj_final/share/harpia_proj_final/worlds
[1.308s] Invoked command in '/root/catkin_ws/harpia_proj_final/build/harpia_proj_final' returned '0': PYTHONPATH=/root/catkin_ws/harpia_proj_final/build/harpia_proj_final/prefix_override:/root/catkin_ws/harpia_proj_final/install/harpia_proj_final/lib/python3.10/site-packages:${PYTHONPATH} /usr/bin/python3 setup.py develop --editable --build-directory /root/catkin_ws/harpia_proj_final/build/harpia_proj_final/build --no-deps install_data
