[0.567s] DEBUG:colcon:Command line arguments: ['/usr/bin/colcon', 'build', '--symlink-install']
[0.567s] DEBUG:colcon:Parsed command line arguments: Namespace(log_base=None, log_level=None, verb_name='build', build_base='build', install_base='install', merge_install=False, symlink_install=True, test_result_base=None, continue_on_error=False, executor='parallel', parallel_workers=16, event_handlers=None, ignore_user_meta=False, metas=['./colcon.meta'], base_paths=['.'], packages_ignore=None, packages_ignore_regex=None, paths=None, packages_up_to=None, packages_up_to_regex=None, packages_above=None, packages_above_and_dependencies=None, packages_above_depth=None, packages_select_by_dep=None, packages_skip_by_dep=None, packages_skip_up_to=None, packages_select_build_failed=False, packages_skip_build_finished=False, packages_select_test_failures=False, packages_skip_test_passed=False, packages_select=None, packages_skip=None, packages_select_regex=None, packages_skip_regex=None, packages_start=None, packages_end=None, cmake_args=None, cmake_target=None, cmake_target_skip_unavailable=False, cmake_clean_cache=False, cmake_clean_first=False, cmake_force_configure=False, ament_cmake_args=None, catkin_cmake_args=None, catkin_skip_building_tests=False, mixin_files=None, mixin=None, verb_parser=<colcon_mixin.mixin.mixin_argument.MixinArgumentDecorator object at 0x7f6c62e05bd0>, verb_extension=<colcon_core.verb.build.BuildVerb object at 0x7f6c635e6f50>, main=<bound method BuildVerb.main of <colcon_core.verb.build.BuildVerb object at 0x7f6c635e6f50>>, mixin_verb=('build',))
[0.630s] Level 1:colcon.colcon_core.package_discovery:discover_packages(colcon_meta) check parameters
[0.631s] INFO:colcon.colcon_metadata.package_discovery.colcon_meta:Using configuration from '/root/.colcon/metadata/default/Gazebo.meta'
[0.632s] INFO:colcon.colcon_metadata.package_discovery.colcon_meta:Using configuration from '/root/.colcon/metadata/default/fastrtps.meta'
[0.633s] Level 1:colcon.colcon_core.package_discovery:discover_packages(recursive) check parameters
[0.633s] Level 1:colcon.colcon_core.package_discovery:discover_packages(ignore) check parameters
[0.633s] Level 1:colcon.colcon_core.package_discovery:discover_packages(path) check parameters
[0.633s] Level 1:colcon.colcon_core.package_discovery:discover_packages(colcon_meta) discover
[0.633s] Level 1:colcon.colcon_core.package_discovery:discover_packages(recursive) discover
[0.633s] INFO:colcon.colcon_core.package_discovery:Crawling recursively for packages in '/root/catkin_ws/harpia_proj_final'
[0.633s] Level 1:colcon.colcon_core.package_identification:_identify(.) by extensions ['ignore', 'ignore_ament_install']
[0.633s] Level 1:colcon.colcon_core.package_identification:_identify(.) by extension 'ignore'
[0.633s] Level 1:colcon.colcon_core.package_identification:_identify(.) by extension 'ignore_ament_install'
[0.633s] Level 1:colcon.colcon_core.package_identification:_identify(.) by extensions ['colcon_pkg']
[0.633s] Level 1:colcon.colcon_core.package_identification:_identify(.) by extension 'colcon_pkg'
[0.634s] Level 1:colcon.colcon_core.package_identification:_identify(.) by extensions ['colcon_meta']
[0.634s] Level 1:colcon.colcon_core.package_identification:_identify(.) by extension 'colcon_meta'
[0.634s] Level 1:colcon.colcon_core.package_identification:_identify(.) by extensions ['ros']
[0.634s] Level 1:colcon.colcon_core.package_identification:_identify(.) by extension 'ros'
[0.661s] DEBUG:colcon.colcon_core.package_identification:Package '.' with type 'ros.ament_python' and name 'harpia_proj_final'
[0.661s] Level 1:colcon.colcon_core.package_discovery:discover_packages(recursive) using defaults
[0.661s] Level 1:colcon.colcon_core.package_discovery:discover_packages(ignore) discover
[0.661s] Level 1:colcon.colcon_core.package_discovery:discover_packages(ignore) using defaults
[0.661s] Level 1:colcon.colcon_core.package_discovery:discover_packages(path) discover
[0.661s] Level 1:colcon.colcon_core.package_discovery:discover_packages(path) using defaults
[0.703s] Level 5:colcon.colcon_core.verb:set package 'harpia_proj_final' build argument 'cmake_args' from command line to 'None'
[0.704s] Level 5:colcon.colcon_core.verb:set package 'harpia_proj_final' build argument 'cmake_target' from command line to 'None'
[0.704s] Level 5:colcon.colcon_core.verb:set package 'harpia_proj_final' build argument 'cmake_target_skip_unavailable' from command line to 'False'
[0.704s] Level 5:colcon.colcon_core.verb:set package 'harpia_proj_final' build argument 'cmake_clean_cache' from command line to 'False'
[0.704s] Level 5:colcon.colcon_core.verb:set package 'harpia_proj_final' build argument 'cmake_clean_first' from command line to 'False'
[0.704s] Level 5:colcon.colcon_core.verb:set package 'harpia_proj_final' build argument 'cmake_force_configure' from command line to 'False'
[0.704s] Level 5:colcon.colcon_core.verb:set package 'harpia_proj_final' build argument 'ament_cmake_args' from command line to 'None'
[0.704s] Level 5:colcon.colcon_core.verb:set package 'harpia_proj_final' build argument 'catkin_cmake_args' from command line to 'None'
[0.704s] Level 5:colcon.colcon_core.verb:set package 'harpia_proj_final' build argument 'catkin_skip_building_tests' from command line to 'False'
[0.704s] DEBUG:colcon.colcon_core.verb:Building package 'harpia_proj_final' with the following arguments: {'ament_cmake_args': None, 'build_base': '/root/catkin_ws/harpia_proj_final/build/harpia_proj_final', 'catkin_cmake_args': None, 'catkin_skip_building_tests': False, 'cmake_args': None, 'cmake_clean_cache': False, 'cmake_clean_first': False, 'cmake_force_configure': False, 'cmake_target': None, 'cmake_target_skip_unavailable': False, 'install_base': '/root/catkin_ws/harpia_proj_final/install/harpia_proj_final', 'merge_install': False, 'path': '/root/catkin_ws/harpia_proj_final', 'symlink_install': True, 'test_result_base': None}
[0.705s] INFO:colcon.colcon_core.executor:Executing jobs using 'parallel' executor
[0.712s] DEBUG:colcon.colcon_parallel_executor.executor.parallel:run_until_complete
[0.712s] INFO:colcon.colcon_ros.task.ament_python.build:Building ROS package in '/root/catkin_ws/harpia_proj_final' with build type 'ament_python'
[0.712s] Level 1:colcon.colcon_core.shell:create_environment_hook('harpia_proj_final', 'ament_prefix_path')
[0.721s] INFO:colcon.colcon_core.plugin_system:Skipping extension 'colcon_core.shell.bat': Not used on non-Windows systems
[0.721s] INFO:colcon.colcon_core.shell:Creating environment hook '/root/catkin_ws/harpia_proj_final/install/harpia_proj_final/share/harpia_proj_final/hook/ament_prefix_path.ps1'
[0.722s] INFO:colcon.colcon_core.shell:Creating environment descriptor '/root/catkin_ws/harpia_proj_final/install/harpia_proj_final/share/harpia_proj_final/hook/ament_prefix_path.dsv'
[0.723s] INFO:colcon.colcon_core.shell:Creating environment hook '/root/catkin_ws/harpia_proj_final/install/harpia_proj_final/share/harpia_proj_final/hook/ament_prefix_path.sh'
[0.727s] INFO:colcon.colcon_core.shell:Skip shell extension 'powershell' for command environment: Not usable outside of PowerShell
[0.727s] DEBUG:colcon.colcon_core.shell:Skip shell extension 'dsv' for command environment
[1.177s] INFO:colcon.colcon_core.task.python.build:Building Python package in '/root/catkin_ws/harpia_proj_final'
[1.180s] INFO:colcon.colcon_core.shell:Skip shell extension 'powershell' for command environment: Not usable outside of PowerShell
[1.180s] DEBUG:colcon.colcon_core.shell:Skip shell extension 'dsv' for command environment
[1.742s] DEBUG:colcon.colcon_core.event_handler.log_command:Invoking command in '/root/catkin_ws/harpia_proj_final/build/harpia_proj_final': PYTHONPATH=/root/catkin_ws/harpia_proj_final/build/harpia_proj_final/prefix_override:/root/catkin_ws/harpia_proj_final/install/harpia_proj_final/lib/python3.10/site-packages:${PYTHONPATH} /usr/bin/python3 setup.py develop --editable --build-directory /root/catkin_ws/harpia_proj_final/build/harpia_proj_final/build --no-deps install_data
[2.422s] Level 1:colcon.colcon_core.shell:create_environment_hook('harpia_proj_final', 'pythonpath_develop')
[2.425s] INFO:colcon.colcon_core.shell:Creating environment hook '/root/catkin_ws/harpia_proj_final/build/harpia_proj_final/share/harpia_proj_final/hook/pythonpath_develop.ps1'
[2.426s] DEBUG:colcon.colcon_core.event_handler.log_command:Invoked command in '/root/catkin_ws/harpia_proj_final/build/harpia_proj_final' returned '0': PYTHONPATH=/root/catkin_ws/harpia_proj_final/build/harpia_proj_final/prefix_override:/root/catkin_ws/harpia_proj_final/install/harpia_proj_final/lib/python3.10/site-packages:${PYTHONPATH} /usr/bin/python3 setup.py develop --editable --build-directory /root/catkin_ws/harpia_proj_final/build/harpia_proj_final/build --no-deps install_data
[2.427s] INFO:colcon.colcon_core.shell:Creating environment descriptor '/root/catkin_ws/harpia_proj_final/build/harpia_proj_final/share/harpia_proj_final/hook/pythonpath_develop.dsv'
[2.428s] INFO:colcon.colcon_core.shell:Creating environment hook '/root/catkin_ws/harpia_proj_final/build/harpia_proj_final/share/harpia_proj_final/hook/pythonpath_develop.sh'
[2.441s] Level 1:colcon.colcon_core.environment:checking '/root/catkin_ws/harpia_proj_final/install/harpia_proj_final' for CMake module files
[2.442s] Level 1:colcon.colcon_core.environment:checking '/root/catkin_ws/harpia_proj_final/install/harpia_proj_final' for CMake config files
[2.443s] Level 1:colcon.colcon_core.environment:checking '/root/catkin_ws/harpia_proj_final/install/harpia_proj_final/lib'
[2.444s] Level 1:colcon.colcon_core.environment:checking '/root/catkin_ws/harpia_proj_final/install/harpia_proj_final/bin'
[2.444s] Level 1:colcon.colcon_core.environment:checking '/root/catkin_ws/harpia_proj_final/install/harpia_proj_final/lib/pkgconfig/harpia_proj_final.pc'
[2.444s] Level 1:colcon.colcon_core.environment:checking '/root/catkin_ws/harpia_proj_final/install/harpia_proj_final/lib/python3.10/site-packages'
[2.445s] Level 1:colcon.colcon_core.shell:create_environment_hook('harpia_proj_final', 'pythonpath')
[2.448s] INFO:colcon.colcon_core.shell:Creating environment hook '/root/catkin_ws/harpia_proj_final/install/harpia_proj_final/share/harpia_proj_final/hook/pythonpath.ps1'
[2.449s] INFO:colcon.colcon_core.shell:Creating environment descriptor '/root/catkin_ws/harpia_proj_final/install/harpia_proj_final/share/harpia_proj_final/hook/pythonpath.dsv'
[2.450s] INFO:colcon.colcon_core.shell:Creating environment hook '/root/catkin_ws/harpia_proj_final/install/harpia_proj_final/share/harpia_proj_final/hook/pythonpath.sh'
[2.451s] Level 1:colcon.colcon_core.environment:checking '/root/catkin_ws/harpia_proj_final/install/harpia_proj_final/bin'
[2.451s] Level 1:colcon.colcon_core.environment:create_environment_scripts_only(harpia_proj_final)
[2.455s] INFO:colcon.colcon_core.shell:Creating package script '/root/catkin_ws/harpia_proj_final/install/harpia_proj_final/share/harpia_proj_final/package.ps1'
[2.457s] INFO:colcon.colcon_core.shell:Creating package descriptor '/root/catkin_ws/harpia_proj_final/install/harpia_proj_final/share/harpia_proj_final/package.dsv'
[2.458s] INFO:colcon.colcon_core.shell:Creating package script '/root/catkin_ws/harpia_proj_final/install/harpia_proj_final/share/harpia_proj_final/package.sh'
[2.460s] INFO:colcon.colcon_core.shell:Creating package script '/root/catkin_ws/harpia_proj_final/install/harpia_proj_final/share/harpia_proj_final/package.bash'
[2.461s] INFO:colcon.colcon_core.shell:Creating package script '/root/catkin_ws/harpia_proj_final/install/harpia_proj_final/share/harpia_proj_final/package.zsh'
[2.462s] Level 1:colcon.colcon_core.environment:create_file_with_runtime_dependencies(/root/catkin_ws/harpia_proj_final/install/harpia_proj_final/share/colcon-core/packages/harpia_proj_final)
[2.463s] DEBUG:colcon.colcon_parallel_executor.executor.parallel:closing loop
[2.464s] DEBUG:colcon.colcon_parallel_executor.executor.parallel:loop closed
[2.464s] DEBUG:colcon.colcon_parallel_executor.executor.parallel:run_until_complete finished with '0'
[2.464s] DEBUG:colcon.colcon_core.event_reactor:joining thread
[2.473s] INFO:colcon.colcon_core.plugin_system:Skipping extension 'colcon_notification.desktop_notification.notify_send': Could not find 'notify-send'
[2.474s] INFO:colcon.colcon_core.plugin_system:Skipping extension 'colcon_notification.desktop_notification.terminal_notifier': Not used on non-Darwin systems
[2.474s] INFO:colcon.colcon_core.plugin_system:Skipping extension 'colcon_notification.desktop_notification.win32': Not used on non-Windows systems
[2.474s] INFO:colcon.colcon_notification.desktop_notification:Sending desktop notification using 'notify2'
[2.477s] DEBUG:colcon.colcon_notification.desktop_notification.notify2:Failed to initialize notify2: org.freedesktop.DBus.Error.Spawn.ExecFailed: /usr/bin/dbus-launch terminated abnormally without any error message
[2.477s] DEBUG:colcon.colcon_core.event_reactor:joined thread
[2.480s] INFO:colcon.colcon_core.shell:Creating prefix script '/root/catkin_ws/harpia_proj_final/install/local_setup.ps1'
[2.482s] INFO:colcon.colcon_core.shell:Creating prefix util module '/root/catkin_ws/harpia_proj_final/install/_local_setup_util_ps1.py'
[2.484s] INFO:colcon.colcon_core.shell:Creating prefix chain script '/root/catkin_ws/harpia_proj_final/install/setup.ps1'
[2.488s] INFO:colcon.colcon_core.shell:Creating prefix script '/root/catkin_ws/harpia_proj_final/install/local_setup.sh'
[2.490s] INFO:colcon.colcon_core.shell:Creating prefix util module '/root/catkin_ws/harpia_proj_final/install/_local_setup_util_sh.py'
[2.491s] INFO:colcon.colcon_core.shell:Creating prefix chain script '/root/catkin_ws/harpia_proj_final/install/setup.sh'
[2.500s] INFO:colcon.colcon_core.shell:Creating prefix script '/root/catkin_ws/harpia_proj_final/install/local_setup.bash'
[2.501s] INFO:colcon.colcon_core.shell:Creating prefix chain script '/root/catkin_ws/harpia_proj_final/install/setup.bash'
[2.506s] INFO:colcon.colcon_core.shell:Creating prefix script '/root/catkin_ws/harpia_proj_final/install/local_setup.zsh'
[2.507s] INFO:colcon.colcon_core.shell:Creating prefix chain script '/root/catkin_ws/harpia_proj_final/install/setup.zsh'
