[1.132s] DEBUG:colcon:Command line arguments: ['/usr/bin/colcon', 'build', '--symlink-install']
[1.132s] DEBUG:colcon:Parsed command line arguments: Namespace(log_base=None, log_level=None, verb_name='build', build_base='build', install_base='install', merge_install=False, symlink_install=True, test_result_base=None, continue_on_error=False, executor='parallel', parallel_workers=16, event_handlers=None, ignore_user_meta=False, metas=['./colcon.meta'], base_paths=['.'], packages_ignore=None, packages_ignore_regex=None, paths=None, packages_up_to=None, packages_up_to_regex=None, packages_above=None, packages_above_and_dependencies=None, packages_above_depth=None, packages_select_by_dep=None, packages_skip_by_dep=None, packages_skip_up_to=None, packages_select_build_failed=False, packages_skip_build_finished=False, packages_select_test_failures=False, packages_skip_test_passed=False, packages_select=None, packages_skip=None, packages_select_regex=None, packages_skip_regex=None, packages_start=None, packages_end=None, cmake_args=None, cmake_target=None, cmake_target_skip_unavailable=False, cmake_clean_cache=False, cmake_clean_first=False, cmake_force_configure=False, ament_cmake_args=None, catkin_cmake_args=None, catkin_skip_building_tests=False, mixin_files=None, mixin=None, verb_parser=<colcon_mixin.mixin.mixin_argument.MixinArgumentDecorator object at 0x7ff5fe8d9870>, verb_extension=<colcon_core.verb.build.BuildVerb object at 0x7ff5ff0b6b30>, main=<bound method BuildVerb.main of <colcon_core.verb.build.BuildVerb object at 0x7ff5ff0b6b30>>, mixin_verb=('build',))
[1.240s] Level 1:colcon.colcon_core.package_discovery:discover_packages(colcon_meta) check parameters
[1.242s] INFO:colcon.colcon_metadata.package_discovery.colcon_meta:Using configuration from '/root/.colcon/metadata/default/Gazebo.meta'
[1.244s] INFO:colcon.colcon_metadata.package_discovery.colcon_meta:Using configuration from '/root/.colcon/metadata/default/fastrtps.meta'
[1.244s] Level 1:colcon.colcon_core.package_discovery:discover_packages(recursive) check parameters
[1.244s] Level 1:colcon.colcon_core.package_discovery:discover_packages(ignore) check parameters
[1.244s] Level 1:colcon.colcon_core.package_discovery:discover_packages(path) check parameters
[1.244s] Level 1:colcon.colcon_core.package_discovery:discover_packages(colcon_meta) discover
[1.244s] Level 1:colcon.colcon_core.package_discovery:discover_packages(recursive) discover
[1.244s] INFO:colcon.colcon_core.package_discovery:Crawling recursively for packages in '/root/catkin_ws/harpia_proj_final'
[1.244s] Level 1:colcon.colcon_core.package_identification:_identify(.) by extensions ['ignore', 'ignore_ament_install']
[1.245s] Level 1:colcon.colcon_core.package_identification:_identify(.) by extension 'ignore'
[1.245s] Level 1:colcon.colcon_core.package_identification:_identify(.) by extension 'ignore_ament_install'
[1.245s] Level 1:colcon.colcon_core.package_identification:_identify(.) by extensions ['colcon_pkg']
[1.245s] Level 1:colcon.colcon_core.package_identification:_identify(.) by extension 'colcon_pkg'
[1.245s] Level 1:colcon.colcon_core.package_identification:_identify(.) by extensions ['colcon_meta']
[1.245s] Level 1:colcon.colcon_core.package_identification:_identify(.) by extension 'colcon_meta'
[1.246s] Level 1:colcon.colcon_core.package_identification:_identify(.) by extensions ['ros']
[1.246s] Level 1:colcon.colcon_core.package_identification:_identify(.) by extension 'ros'
[1.280s] DEBUG:colcon.colcon_core.package_identification:Package '.' with type 'ros.ament_python' and name 'harpia_proj_final'
[1.280s] Level 1:colcon.colcon_core.package_discovery:discover_packages(recursive) using defaults
[1.280s] Level 1:colcon.colcon_core.package_discovery:discover_packages(ignore) discover
[1.280s] Level 1:colcon.colcon_core.package_discovery:discover_packages(ignore) using defaults
[1.280s] Level 1:colcon.colcon_core.package_discovery:discover_packages(path) discover
[1.280s] Level 1:colcon.colcon_core.package_discovery:discover_packages(path) using defaults
[1.338s] Level 5:colcon.colcon_core.verb:set package 'harpia_proj_final' build argument 'cmake_args' from command line to 'None'
[1.338s] Level 5:colcon.colcon_core.verb:set package 'harpia_proj_final' build argument 'cmake_target' from command line to 'None'
[1.338s] Level 5:colcon.colcon_core.verb:set package 'harpia_proj_final' build argument 'cmake_target_skip_unavailable' from command line to 'False'
[1.338s] Level 5:colcon.colcon_core.verb:set package 'harpia_proj_final' build argument 'cmake_clean_cache' from command line to 'False'
[1.338s] Level 5:colcon.colcon_core.verb:set package 'harpia_proj_final' build argument 'cmake_clean_first' from command line to 'False'
[1.338s] Level 5:colcon.colcon_core.verb:set package 'harpia_proj_final' build argument 'cmake_force_configure' from command line to 'False'
[1.338s] Level 5:colcon.colcon_core.verb:set package 'harpia_proj_final' build argument 'ament_cmake_args' from command line to 'None'
[1.338s] Level 5:colcon.colcon_core.verb:set package 'harpia_proj_final' build argument 'catkin_cmake_args' from command line to 'None'
[1.338s] Level 5:colcon.colcon_core.verb:set package 'harpia_proj_final' build argument 'catkin_skip_building_tests' from command line to 'False'
[1.338s] DEBUG:colcon.colcon_core.verb:Building package 'harpia_proj_final' with the following arguments: {'ament_cmake_args': None, 'build_base': '/root/catkin_ws/harpia_proj_final/build/harpia_proj_final', 'catkin_cmake_args': None, 'catkin_skip_building_tests': False, 'cmake_args': None, 'cmake_clean_cache': False, 'cmake_clean_first': False, 'cmake_force_configure': False, 'cmake_target': None, 'cmake_target_skip_unavailable': False, 'install_base': '/root/catkin_ws/harpia_proj_final/install/harpia_proj_final', 'merge_install': False, 'path': '/root/catkin_ws/harpia_proj_final', 'symlink_install': True, 'test_result_base': None}
[1.340s] INFO:colcon.colcon_core.executor:Executing jobs using 'parallel' executor
[1.346s] DEBUG:colcon.colcon_parallel_executor.executor.parallel:run_until_complete
[1.347s] INFO:colcon.colcon_ros.task.ament_python.build:Building ROS package in '/root/catkin_ws/harpia_proj_final' with build type 'ament_python'
[1.348s] Level 1:colcon.colcon_core.shell:create_environment_hook('harpia_proj_final', 'ament_prefix_path')
[1.364s] INFO:colcon.colcon_core.plugin_system:Skipping extension 'colcon_core.shell.bat': Not used on non-Windows systems
[1.365s] INFO:colcon.colcon_core.shell:Creating environment hook '/root/catkin_ws/harpia_proj_final/install/harpia_proj_final/share/harpia_proj_final/hook/ament_prefix_path.ps1'
[1.367s] INFO:colcon.colcon_core.shell:Creating environment descriptor '/root/catkin_ws/harpia_proj_final/install/harpia_proj_final/share/harpia_proj_final/hook/ament_prefix_path.dsv'
[1.368s] INFO:colcon.colcon_core.shell:Creating environment hook '/root/catkin_ws/harpia_proj_final/install/harpia_proj_final/share/harpia_proj_final/hook/ament_prefix_path.sh'
[1.372s] INFO:colcon.colcon_core.shell:Skip shell extension 'powershell' for command environment: Not usable outside of PowerShell
[1.372s] DEBUG:colcon.colcon_core.shell:Skip shell extension 'dsv' for command environment
[1.862s] INFO:colcon.colcon_core.task.python.build:Building Python package in '/root/catkin_ws/harpia_proj_final'
[1.865s] INFO:colcon.colcon_core.shell:Skip shell extension 'powershell' for command environment: Not usable outside of PowerShell
[1.865s] DEBUG:colcon.colcon_core.shell:Skip shell extension 'dsv' for command environment
[2.569s] DEBUG:colcon.colcon_core.event_handler.log_command:Invoking command in '/root/catkin_ws/harpia_proj_final/build/harpia_proj_final': PYTHONPATH=/root/catkin_ws/harpia_proj_final/build/harpia_proj_final/prefix_override:/root/catkin_ws/harpia_proj_final/install/harpia_proj_final/lib/python3.10/site-packages:${PYTHONPATH} /usr/bin/python3 setup.py develop --editable --build-directory /root/catkin_ws/harpia_proj_final/build/harpia_proj_final/build --no-deps install_data
[3.357s] Level 1:colcon.colcon_core.shell:create_environment_hook('harpia_proj_final', 'pythonpath_develop')
[3.361s] INFO:colcon.colcon_core.shell:Creating environment hook '/root/catkin_ws/harpia_proj_final/build/harpia_proj_final/share/harpia_proj_final/hook/pythonpath_develop.ps1'
[3.362s] DEBUG:colcon.colcon_core.event_handler.log_command:Invoked command in '/root/catkin_ws/harpia_proj_final/build/harpia_proj_final' returned '0': PYTHONPATH=/root/catkin_ws/harpia_proj_final/build/harpia_proj_final/prefix_override:/root/catkin_ws/harpia_proj_final/install/harpia_proj_final/lib/python3.10/site-packages:${PYTHONPATH} /usr/bin/python3 setup.py develop --editable --build-directory /root/catkin_ws/harpia_proj_final/build/harpia_proj_final/build --no-deps install_data
[3.367s] INFO:colcon.colcon_core.shell:Creating environment descriptor '/root/catkin_ws/harpia_proj_final/build/harpia_proj_final/share/harpia_proj_final/hook/pythonpath_develop.dsv'
[3.368s] INFO:colcon.colcon_core.shell:Creating environment hook '/root/catkin_ws/harpia_proj_final/build/harpia_proj_final/share/harpia_proj_final/hook/pythonpath_develop.sh'
[3.398s] Level 1:colcon.colcon_core.environment:checking '/root/catkin_ws/harpia_proj_final/install/harpia_proj_final' for CMake module files
[3.399s] Level 1:colcon.colcon_core.environment:checking '/root/catkin_ws/harpia_proj_final/install/harpia_proj_final' for CMake config files
[3.400s] Level 1:colcon.colcon_core.environment:checking '/root/catkin_ws/harpia_proj_final/install/harpia_proj_final/lib'
[3.400s] Level 1:colcon.colcon_core.environment:checking '/root/catkin_ws/harpia_proj_final/install/harpia_proj_final/bin'
[3.401s] Level 1:colcon.colcon_core.environment:checking '/root/catkin_ws/harpia_proj_final/install/harpia_proj_final/lib/pkgconfig/harpia_proj_final.pc'
[3.401s] Level 1:colcon.colcon_core.environment:checking '/root/catkin_ws/harpia_proj_final/install/harpia_proj_final/lib/python3.10/site-packages'
[3.401s] Level 1:colcon.colcon_core.shell:create_environment_hook('harpia_proj_final', 'pythonpath')
[3.403s] INFO:colcon.colcon_core.shell:Creating environment hook '/root/catkin_ws/harpia_proj_final/install/harpia_proj_final/share/harpia_proj_final/hook/pythonpath.ps1'
[3.404s] INFO:colcon.colcon_core.shell:Creating environment descriptor '/root/catkin_ws/harpia_proj_final/install/harpia_proj_final/share/harpia_proj_final/hook/pythonpath.dsv'
[3.405s] INFO:colcon.colcon_core.shell:Creating environment hook '/root/catkin_ws/harpia_proj_final/install/harpia_proj_final/share/harpia_proj_final/hook/pythonpath.sh'
[3.406s] Level 1:colcon.colcon_core.environment:checking '/root/catkin_ws/harpia_proj_final/install/harpia_proj_final/bin'
[3.406s] Level 1:colcon.colcon_core.environment:create_environment_scripts_only(harpia_proj_final)
[3.409s] INFO:colcon.colcon_core.shell:Creating package script '/root/catkin_ws/harpia_proj_final/install/harpia_proj_final/share/harpia_proj_final/package.ps1'
[3.411s] INFO:colcon.colcon_core.shell:Creating package descriptor '/root/catkin_ws/harpia_proj_final/install/harpia_proj_final/share/harpia_proj_final/package.dsv'
[3.412s] INFO:colcon.colcon_core.shell:Creating package script '/root/catkin_ws/harpia_proj_final/install/harpia_proj_final/share/harpia_proj_final/package.sh'
[3.414s] INFO:colcon.colcon_core.shell:Creating package script '/root/catkin_ws/harpia_proj_final/install/harpia_proj_final/share/harpia_proj_final/package.bash'
[3.416s] INFO:colcon.colcon_core.shell:Creating package script '/root/catkin_ws/harpia_proj_final/install/harpia_proj_final/share/harpia_proj_final/package.zsh'
[3.417s] Level 1:colcon.colcon_core.environment:create_file_with_runtime_dependencies(/root/catkin_ws/harpia_proj_final/install/harpia_proj_final/share/colcon-core/packages/harpia_proj_final)
[3.418s] DEBUG:colcon.colcon_parallel_executor.executor.parallel:closing loop
[3.419s] DEBUG:colcon.colcon_parallel_executor.executor.parallel:loop closed
[3.419s] DEBUG:colcon.colcon_parallel_executor.executor.parallel:run_until_complete finished with '0'
[3.420s] DEBUG:colcon.colcon_core.event_reactor:joining thread
[3.444s] INFO:colcon.colcon_core.plugin_system:Skipping extension 'colcon_notification.desktop_notification.notify_send': Could not find 'notify-send'
[3.444s] INFO:colcon.colcon_core.plugin_system:Skipping extension 'colcon_notification.desktop_notification.terminal_notifier': Not used on non-Darwin systems
[3.445s] INFO:colcon.colcon_core.plugin_system:Skipping extension 'colcon_notification.desktop_notification.win32': Not used on non-Windows systems
[3.445s] INFO:colcon.colcon_notification.desktop_notification:Sending desktop notification using 'notify2'
[3.460s] DEBUG:colcon.colcon_notification.desktop_notification.notify2:Failed to initialize notify2: org.freedesktop.DBus.Error.Spawn.ExecFailed: /usr/bin/dbus-launch terminated abnormally without any error message
[3.460s] DEBUG:colcon.colcon_core.event_reactor:joined thread
[3.465s] INFO:colcon.colcon_core.shell:Creating prefix script '/root/catkin_ws/harpia_proj_final/install/local_setup.ps1'
[3.467s] INFO:colcon.colcon_core.shell:Creating prefix util module '/root/catkin_ws/harpia_proj_final/install/_local_setup_util_ps1.py'
[3.471s] INFO:colcon.colcon_core.shell:Creating prefix chain script '/root/catkin_ws/harpia_proj_final/install/setup.ps1'
[3.475s] INFO:colcon.colcon_core.shell:Creating prefix script '/root/catkin_ws/harpia_proj_final/install/local_setup.sh'
[3.477s] INFO:colcon.colcon_core.shell:Creating prefix util module '/root/catkin_ws/harpia_proj_final/install/_local_setup_util_sh.py'
[3.478s] INFO:colcon.colcon_core.shell:Creating prefix chain script '/root/catkin_ws/harpia_proj_final/install/setup.sh'
[3.482s] INFO:colcon.colcon_core.shell:Creating prefix script '/root/catkin_ws/harpia_proj_final/install/local_setup.bash'
[3.484s] INFO:colcon.colcon_core.shell:Creating prefix chain script '/root/catkin_ws/harpia_proj_final/install/setup.bash'
[3.487s] INFO:colcon.colcon_core.shell:Creating prefix script '/root/catkin_ws/harpia_proj_final/install/local_setup.zsh'
[3.489s] INFO:colcon.colcon_core.shell:Creating prefix chain script '/root/catkin_ws/harpia_proj_final/install/setup.zsh'
