[0.613s] DEBUG:colcon:Command line arguments: ['/usr/bin/colcon', 'build', '--symlink-install']
[0.613s] DEBUG:colcon:Parsed command line arguments: Namespace(log_base=None, log_level=None, verb_name='build', build_base='build', install_base='install', merge_install=False, symlink_install=True, test_result_base=None, continue_on_error=False, executor='parallel', parallel_workers=16, event_handlers=None, ignore_user_meta=False, metas=['./colcon.meta'], base_paths=['.'], packages_ignore=None, packages_ignore_regex=None, paths=None, packages_up_to=None, packages_up_to_regex=None, packages_above=None, packages_above_and_dependencies=None, packages_above_depth=None, packages_select_by_dep=None, packages_skip_by_dep=None, packages_skip_up_to=None, packages_select_build_failed=False, packages_skip_build_finished=False, packages_select_test_failures=False, packages_skip_test_passed=False, packages_select=None, packages_skip=None, packages_select_regex=None, packages_skip_regex=None, packages_start=None, packages_end=None, cmake_args=None, cmake_target=None, cmake_target_skip_unavailable=False, cmake_clean_cache=False, cmake_clean_first=False, cmake_force_configure=False, ament_cmake_args=None, catkin_cmake_args=None, catkin_skip_building_tests=False, mixin_files=None, mixin=None, verb_parser=<colcon_mixin.mixin.mixin_argument.MixinArgumentDecorator object at 0x7f00a684d690>, verb_extension=<colcon_core.verb.build.BuildVerb object at 0x7f00a7026ad0>, main=<bound method BuildVerb.main of <colcon_core.verb.build.BuildVerb object at 0x7f00a7026ad0>>, mixin_verb=('build',))
[0.673s] Level 1:colcon.colcon_core.package_discovery:discover_packages(colcon_meta) check parameters
[0.675s] INFO:colcon.colcon_metadata.package_discovery.colcon_meta:Using configuration from '/root/.colcon/metadata/default/Gazebo.meta'
[0.676s] INFO:colcon.colcon_metadata.package_discovery.colcon_meta:Using configuration from '/root/.colcon/metadata/default/fastrtps.meta'
[0.676s] Level 1:colcon.colcon_core.package_discovery:discover_packages(recursive) check parameters
[0.676s] Level 1:colcon.colcon_core.package_discovery:discover_packages(ignore) check parameters
[0.676s] Level 1:colcon.colcon_core.package_discovery:discover_packages(path) check parameters
[0.676s] Level 1:colcon.colcon_core.package_discovery:discover_packages(colcon_meta) discover
[0.676s] Level 1:colcon.colcon_core.package_discovery:discover_packages(recursive) discover
[0.676s] INFO:colcon.colcon_core.package_discovery:Crawling recursively for packages in '/root/catkin_ws/harpia_proj_final'
[0.676s] Level 1:colcon.colcon_core.package_identification:_identify(.) by extensions ['ignore', 'ignore_ament_install']
[0.676s] Level 1:colcon.colcon_core.package_identification:_identify(.) by extension 'ignore'
[0.677s] Level 1:colcon.colcon_core.package_identification:_identify(.) by extension 'ignore_ament_install'
[0.677s] Level 1:colcon.colcon_core.package_identification:_identify(.) by extensions ['colcon_pkg']
[0.677s] Level 1:colcon.colcon_core.package_identification:_identify(.) by extension 'colcon_pkg'
[0.677s] Level 1:colcon.colcon_core.package_identification:_identify(.) by extensions ['colcon_meta']
[0.677s] Level 1:colcon.colcon_core.package_identification:_identify(.) by extension 'colcon_meta'
[0.677s] Level 1:colcon.colcon_core.package_identification:_identify(.) by extensions ['ros']
[0.677s] Level 1:colcon.colcon_core.package_identification:_identify(.) by extension 'ros'
[0.706s] DEBUG:colcon.colcon_core.package_identification:Package '.' with type 'ros.ament_python' and name 'harpia_proj_final'
[0.707s] Level 1:colcon.colcon_core.package_discovery:discover_packages(recursive) using defaults
[0.707s] Level 1:colcon.colcon_core.package_discovery:discover_packages(ignore) discover
[0.707s] Level 1:colcon.colcon_core.package_discovery:discover_packages(ignore) using defaults
[0.707s] Level 1:colcon.colcon_core.package_discovery:discover_packages(path) discover
[0.707s] Level 1:colcon.colcon_core.package_discovery:discover_packages(path) using defaults
[0.750s] Level 5:colcon.colcon_core.verb:set package 'harpia_proj_final' build argument 'cmake_args' from command line to 'None'
[0.750s] Level 5:colcon.colcon_core.verb:set package 'harpia_proj_final' build argument 'cmake_target' from command line to 'None'
[0.750s] Level 5:colcon.colcon_core.verb:set package 'harpia_proj_final' build argument 'cmake_target_skip_unavailable' from command line to 'False'
[0.750s] Level 5:colcon.colcon_core.verb:set package 'harpia_proj_final' build argument 'cmake_clean_cache' from command line to 'False'
[0.750s] Level 5:colcon.colcon_core.verb:set package 'harpia_proj_final' build argument 'cmake_clean_first' from command line to 'False'
[0.751s] Level 5:colcon.colcon_core.verb:set package 'harpia_proj_final' build argument 'cmake_force_configure' from command line to 'False'
[0.751s] Level 5:colcon.colcon_core.verb:set package 'harpia_proj_final' build argument 'ament_cmake_args' from command line to 'None'
[0.751s] Level 5:colcon.colcon_core.verb:set package 'harpia_proj_final' build argument 'catkin_cmake_args' from command line to 'None'
[0.751s] Level 5:colcon.colcon_core.verb:set package 'harpia_proj_final' build argument 'catkin_skip_building_tests' from command line to 'False'
[0.751s] DEBUG:colcon.colcon_core.verb:Building package 'harpia_proj_final' with the following arguments: {'ament_cmake_args': None, 'build_base': '/root/catkin_ws/harpia_proj_final/build/harpia_proj_final', 'catkin_cmake_args': None, 'catkin_skip_building_tests': False, 'cmake_args': None, 'cmake_clean_cache': False, 'cmake_clean_first': False, 'cmake_force_configure': False, 'cmake_target': None, 'cmake_target_skip_unavailable': False, 'install_base': '/root/catkin_ws/harpia_proj_final/install/harpia_proj_final', 'merge_install': False, 'path': '/root/catkin_ws/harpia_proj_final', 'symlink_install': True, 'test_result_base': None}
[0.752s] INFO:colcon.colcon_core.executor:Executing jobs using 'parallel' executor
[0.759s] DEBUG:colcon.colcon_parallel_executor.executor.parallel:run_until_complete
[0.759s] INFO:colcon.colcon_ros.task.ament_python.build:Building ROS package in '/root/catkin_ws/harpia_proj_final' with build type 'ament_python'
[0.759s] Level 1:colcon.colcon_core.shell:create_environment_hook('harpia_proj_final', 'ament_prefix_path')
[0.771s] INFO:colcon.colcon_core.plugin_system:Skipping extension 'colcon_core.shell.bat': Not used on non-Windows systems
[0.771s] INFO:colcon.colcon_core.shell:Creating environment hook '/root/catkin_ws/harpia_proj_final/install/harpia_proj_final/share/harpia_proj_final/hook/ament_prefix_path.ps1'
[0.773s] INFO:colcon.colcon_core.shell:Creating environment descriptor '/root/catkin_ws/harpia_proj_final/install/harpia_proj_final/share/harpia_proj_final/hook/ament_prefix_path.dsv'
[0.774s] INFO:colcon.colcon_core.shell:Creating environment hook '/root/catkin_ws/harpia_proj_final/install/harpia_proj_final/share/harpia_proj_final/hook/ament_prefix_path.sh'
[0.777s] INFO:colcon.colcon_core.shell:Skip shell extension 'powershell' for command environment: Not usable outside of PowerShell
[0.777s] DEBUG:colcon.colcon_core.shell:Skip shell extension 'dsv' for command environment
[1.292s] INFO:colcon.colcon_core.task.python.build:Building Python package in '/root/catkin_ws/harpia_proj_final'
[1.295s] INFO:colcon.colcon_core.shell:Skip shell extension 'powershell' for command environment: Not usable outside of PowerShell
[1.295s] DEBUG:colcon.colcon_core.shell:Skip shell extension 'dsv' for command environment
[1.934s] DEBUG:colcon.colcon_core.event_handler.log_command:Invoking command in '/root/catkin_ws/harpia_proj_final/build/harpia_proj_final': PYTHONPATH=/root/catkin_ws/harpia_proj_final/build/harpia_proj_final/prefix_override:/root/catkin_ws/harpia_proj_final/install/harpia_proj_final/lib/python3.10/site-packages:${PYTHONPATH} /usr/bin/python3 setup.py develop --editable --build-directory /root/catkin_ws/harpia_proj_final/build/harpia_proj_final/build --no-deps install_data
[2.775s] Level 1:colcon.colcon_core.shell:create_environment_hook('harpia_proj_final', 'pythonpath_develop')
[2.779s] INFO:colcon.colcon_core.shell:Creating environment hook '/root/catkin_ws/harpia_proj_final/build/harpia_proj_final/share/harpia_proj_final/hook/pythonpath_develop.ps1'
[2.780s] DEBUG:colcon.colcon_core.event_handler.log_command:Invoked command in '/root/catkin_ws/harpia_proj_final/build/harpia_proj_final' returned '0': PYTHONPATH=/root/catkin_ws/harpia_proj_final/build/harpia_proj_final/prefix_override:/root/catkin_ws/harpia_proj_final/install/harpia_proj_final/lib/python3.10/site-packages:${PYTHONPATH} /usr/bin/python3 setup.py develop --editable --build-directory /root/catkin_ws/harpia_proj_final/build/harpia_proj_final/build --no-deps install_data
[2.781s] INFO:colcon.colcon_core.shell:Creating environment descriptor '/root/catkin_ws/harpia_proj_final/build/harpia_proj_final/share/harpia_proj_final/hook/pythonpath_develop.dsv'
[2.781s] INFO:colcon.colcon_core.shell:Creating environment hook '/root/catkin_ws/harpia_proj_final/build/harpia_proj_final/share/harpia_proj_final/hook/pythonpath_develop.sh'
[2.795s] Level 1:colcon.colcon_core.environment:checking '/root/catkin_ws/harpia_proj_final/install/harpia_proj_final' for CMake module files
[2.795s] Level 1:colcon.colcon_core.environment:checking '/root/catkin_ws/harpia_proj_final/install/harpia_proj_final' for CMake config files
[2.796s] Level 1:colcon.colcon_core.environment:checking '/root/catkin_ws/harpia_proj_final/install/harpia_proj_final/lib'
[2.797s] Level 1:colcon.colcon_core.environment:checking '/root/catkin_ws/harpia_proj_final/install/harpia_proj_final/bin'
[2.797s] Level 1:colcon.colcon_core.environment:checking '/root/catkin_ws/harpia_proj_final/install/harpia_proj_final/lib/pkgconfig/harpia_proj_final.pc'
[2.797s] Level 1:colcon.colcon_core.environment:checking '/root/catkin_ws/harpia_proj_final/install/harpia_proj_final/lib/python3.10/site-packages'
[2.798s] Level 1:colcon.colcon_core.shell:create_environment_hook('harpia_proj_final', 'pythonpath')
[2.800s] INFO:colcon.colcon_core.shell:Creating environment hook '/root/catkin_ws/harpia_proj_final/install/harpia_proj_final/share/harpia_proj_final/hook/pythonpath.ps1'
[2.801s] INFO:colcon.colcon_core.shell:Creating environment descriptor '/root/catkin_ws/harpia_proj_final/install/harpia_proj_final/share/harpia_proj_final/hook/pythonpath.dsv'
[2.801s] INFO:colcon.colcon_core.shell:Creating environment hook '/root/catkin_ws/harpia_proj_final/install/harpia_proj_final/share/harpia_proj_final/hook/pythonpath.sh'
[2.802s] Level 1:colcon.colcon_core.environment:checking '/root/catkin_ws/harpia_proj_final/install/harpia_proj_final/bin'
[2.802s] Level 1:colcon.colcon_core.environment:create_environment_scripts_only(harpia_proj_final)
[2.805s] INFO:colcon.colcon_core.shell:Creating package script '/root/catkin_ws/harpia_proj_final/install/harpia_proj_final/share/harpia_proj_final/package.ps1'
[2.806s] INFO:colcon.colcon_core.shell:Creating package descriptor '/root/catkin_ws/harpia_proj_final/install/harpia_proj_final/share/harpia_proj_final/package.dsv'
[2.807s] INFO:colcon.colcon_core.shell:Creating package script '/root/catkin_ws/harpia_proj_final/install/harpia_proj_final/share/harpia_proj_final/package.sh'
[2.809s] INFO:colcon.colcon_core.shell:Creating package script '/root/catkin_ws/harpia_proj_final/install/harpia_proj_final/share/harpia_proj_final/package.bash'
[2.810s] INFO:colcon.colcon_core.shell:Creating package script '/root/catkin_ws/harpia_proj_final/install/harpia_proj_final/share/harpia_proj_final/package.zsh'
[2.811s] Level 1:colcon.colcon_core.environment:create_file_with_runtime_dependencies(/root/catkin_ws/harpia_proj_final/install/harpia_proj_final/share/colcon-core/packages/harpia_proj_final)
[2.812s] DEBUG:colcon.colcon_parallel_executor.executor.parallel:closing loop
[2.813s] DEBUG:colcon.colcon_parallel_executor.executor.parallel:loop closed
[2.814s] DEBUG:colcon.colcon_parallel_executor.executor.parallel:run_until_complete finished with '0'
[2.814s] DEBUG:colcon.colcon_core.event_reactor:joining thread
[2.823s] INFO:colcon.colcon_core.plugin_system:Skipping extension 'colcon_notification.desktop_notification.notify_send': Could not find 'notify-send'
[2.823s] INFO:colcon.colcon_core.plugin_system:Skipping extension 'colcon_notification.desktop_notification.terminal_notifier': Not used on non-Darwin systems
[2.823s] INFO:colcon.colcon_core.plugin_system:Skipping extension 'colcon_notification.desktop_notification.win32': Not used on non-Windows systems
[2.823s] INFO:colcon.colcon_notification.desktop_notification:Sending desktop notification using 'notify2'
[2.828s] DEBUG:colcon.colcon_notification.desktop_notification.notify2:Failed to initialize notify2: org.freedesktop.DBus.Error.Spawn.ExecFailed: /usr/bin/dbus-launch terminated abnormally without any error message
[2.829s] DEBUG:colcon.colcon_core.event_reactor:joined thread
[2.834s] INFO:colcon.colcon_core.shell:Creating prefix script '/root/catkin_ws/harpia_proj_final/install/local_setup.ps1'
[2.837s] INFO:colcon.colcon_core.shell:Creating prefix util module '/root/catkin_ws/harpia_proj_final/install/_local_setup_util_ps1.py'
[2.840s] INFO:colcon.colcon_core.shell:Creating prefix chain script '/root/catkin_ws/harpia_proj_final/install/setup.ps1'
[2.845s] INFO:colcon.colcon_core.shell:Creating prefix script '/root/catkin_ws/harpia_proj_final/install/local_setup.sh'
[2.846s] INFO:colcon.colcon_core.shell:Creating prefix util module '/root/catkin_ws/harpia_proj_final/install/_local_setup_util_sh.py'
[2.847s] INFO:colcon.colcon_core.shell:Creating prefix chain script '/root/catkin_ws/harpia_proj_final/install/setup.sh'
[2.851s] INFO:colcon.colcon_core.shell:Creating prefix script '/root/catkin_ws/harpia_proj_final/install/local_setup.bash'
[2.852s] INFO:colcon.colcon_core.shell:Creating prefix chain script '/root/catkin_ws/harpia_proj_final/install/setup.bash'
[2.856s] INFO:colcon.colcon_core.shell:Creating prefix script '/root/catkin_ws/harpia_proj_final/install/local_setup.zsh'
[2.857s] INFO:colcon.colcon_core.shell:Creating prefix chain script '/root/catkin_ws/harpia_proj_final/install/setup.zsh'
